<?xml version="1.0" encoding="UTF-8"?>
<!-- Generated by org.testng.reporters.JUnitReportReporter -->
<testsuite hostname="DESKTOP-E6834PL" failures="0" tests="1" name="driverFactory.AppTest" time="131.247" errors="0" timestamp="2024-01-29T18:00:17 GMT" skipped="0">
  <testcase classname="driverFactory.AppTest" name="KickStart" time="131.247">
    <system-out>
      <![CDATA[Stock-000000277 Stock-000000277
Supplier-00000001124 Supplier-00000001124
Customer-00000001111 Customer-00000001111
Purchase-00000000038 Purchase-00000000038]]>
    </system-out>
  </testcase> <!-- KickStart -->
  <system-out>
    <![CDATA[Stock-000000277 Stock-000000277
Supplier-00000001124 Supplier-00000001124
Customer-00000001111 Customer-00000001111
Purchase-00000000038 Purchase-00000000038]]>
  </system-out>
</testsuite> <!-- driverFactory.AppTest -->
